<?xml version="1.0" encoding="UTF-8"?>
<!-- Generated by org.testng.reporters.JUnitReportReporter -->
<testsuite hostname="DESKTOP-HGNDO4G" name="question.NewTest" tests="5" failures="0" timestamp="18 Aug 2021 05:33:37 GMT" time="23.075" errors="0">
  <testcase name="closeBrowser" time="0.890" classname="question.NewTest"/>
  <testcase name="goToDista" time="13.652" classname="question.NewTest"/>
  <testcase name="OpenChrome" time="0.031" classname="question.NewTest"/>
  <testcase name="gotoproducts" time="3.396" classname="question.NewTest"/>
  <testcase name="goToDistaFood" time="5.106" classname="question.NewTest"/>
</testsuite> <!-- question.NewTest -->
